<?xml version="1.0" encoding="UTF-8"?>
<!-- Generated by org.testng.reporters.JUnitXMLReporter -->
<testsuite ignored="1" hostname="BLRMTAPL139" failures="0" tests="3" name="AutomationSuite" time="30.181" errors="0" timestamp="2025-07-10T14:41:31 IST">
  <testcase classname="TestNG.Computers" name="A" time="0.006"/>
  <testcase classname="TestNG.Computers" name="Execute" time="6.015"/>
  <testcase classname="TestNG.Home" name="A" time="0.001"/>
  <testcase classname="TestNG.Home" name="Execute" time="0.0">
    <ignored/>
  </testcase> <!-- Execute -->
</testsuite> <!-- AutomationSuite -->
