<?xml version="1.0" encoding="UTF-8"?>
<testng-results ignored="1" total="4" passed="3" failed="0" skipped="0">
  <reporter-output>
  </reporter-output>
  <suite started-at="2025-07-10T14:41:01 IST" name="Automation Suite" finished-at="2025-07-10T14:41:31 IST" duration-ms="30181">
    <groups>
    </groups>
    <test started-at="2025-07-10T14:41:01 IST" name="AutomationSuite" finished-at="2025-07-10T14:41:31 IST" duration-ms="30181">
      <class name="TestNG.Home">
        <test-method is-config="true" signature="Init()[pri:0, instance:TestNG.Home@3bb9a3ff]" started-at="2025-07-10T14:41:24 IST" name="Init" finished-at="2025-07-10T14:41:31 IST" duration-ms="6938" status="PASS">
          <reporter-output>
          </reporter-output>
        </test-method> <!-- Init -->
        <test-method signature="A()[pri:0, instance:TestNG.Home@3bb9a3ff]" started-at="2025-07-10T14:41:31 IST" name="A" finished-at="2025-07-10T14:41:31 IST" duration-ms="1" status="PASS">
          <reporter-output>
          </reporter-output>
        </test-method> <!-- A -->
        <test-method is-config="true" signature="afterMethod()[pri:0, instance:TestNG.Home@3bb9a3ff]" started-at="2025-07-10T14:41:31 IST" name="afterMethod" finished-at="2025-07-10T14:41:31 IST" duration-ms="114" status="PASS">
          <reporter-output>
          </reporter-output>
        </test-method> <!-- afterMethod -->
      </class> <!-- TestNG.Home -->
      <class name="TestNG.Computers">
        <test-method is-config="true" signature="Init()[pri:0, instance:TestNG.Computers@6a192cfe]" started-at="2025-07-10T14:41:01 IST" name="Init" finished-at="2025-07-10T14:41:10 IST" duration-ms="9391" status="PASS">
          <reporter-output>
          </reporter-output>
        </test-method> <!-- Init -->
        <test-method signature="A()[pri:0, instance:TestNG.Computers@6a192cfe]" started-at="2025-07-10T14:41:10 IST" name="A" finished-at="2025-07-10T14:41:10 IST" duration-ms="6" status="PASS">
          <reporter-output>
          </reporter-output>
        </test-method> <!-- A -->
        <test-method is-config="true" signature="afterexecute()[pri:0, instance:TestNG.Computers@6a192cfe]" started-at="2025-07-10T14:41:10 IST" name="afterexecute" finished-at="2025-07-10T14:41:10 IST" duration-ms="159" status="PASS">
          <reporter-output>
          </reporter-output>
        </test-method> <!-- afterexecute -->
        <test-method is-config="true" signature="Init()[pri:0, instance:TestNG.Computers@6a192cfe]" started-at="2025-07-10T14:41:10 IST" name="Init" finished-at="2025-07-10T14:41:18 IST" duration-ms="7413" status="PASS">
          <reporter-output>
          </reporter-output>
        </test-method> <!-- Init -->
        <test-method signature="Execute()[pri:1, instance:TestNG.Computers@6a192cfe]" started-at="2025-07-10T14:41:18 IST" name="Execute" finished-at="2025-07-10T14:41:24 IST" duration-ms="6015" status="PASS">
          <reporter-output>
          </reporter-output>
        </test-method> <!-- Execute -->
        <test-method is-config="true" signature="afterexecute()[pri:0, instance:TestNG.Computers@6a192cfe]" started-at="2025-07-10T14:41:24 IST" name="afterexecute" finished-at="2025-07-10T14:41:24 IST" duration-ms="108" status="PASS">
          <reporter-output>
          </reporter-output>
        </test-method> <!-- afterexecute -->
      </class> <!-- TestNG.Computers -->
    </test> <!-- AutomationSuite -->
  </suite> <!-- Automation Suite -->
</testng-results>
